03:12:21.672 [HikariPool-1 housekeeper] WARN  com.zaxxer.hikari.pool.HikariPool - HikariPool-1 - Thread starvation or clock leap detected (housekeeper delta=8h51m30s473ms). 
04:12:58.148 [HikariPool-1 housekeeper] WARN  com.zaxxer.hikari.pool.HikariPool - HikariPool-1 - Thread starvation or clock leap detected (housekeeper delta=1h36s479ms). 
05:55:37.137 [HikariPool-1 housekeeper] WARN  com.zaxxer.hikari.pool.HikariPool - HikariPool-1 - Thread starvation or clock leap detected (housekeeper delta=1h42m38s996ms). 
06:56:53.308 [HikariPool-1 housekeeper] WARN  com.zaxxer.hikari.pool.HikariPool - HikariPool-1 - Thread starvation or clock leap detected (housekeeper delta=1h1m16s171ms). 
07:07:50.294 [HikariPool-1 housekeeper] WARN  com.zaxxer.hikari.pool.HikariPool - HikariPool-1 - Thread starvation or clock leap detected (housekeeper delta=10m56s986ms). 
08:41:21.514 [HikariPool-1 housekeeper] WARN  com.zaxxer.hikari.pool.HikariPool - HikariPool-1 - Thread starvation or clock leap detected (housekeeper delta=1h33m31s220ms). 
08:48:12.596 [HikariPool-1 housekeeper] WARN  com.zaxxer.hikari.pool.HikariPool - HikariPool-1 - Thread starvation or clock leap detected (housekeeper delta=6m21s77ms). 
10:48:40.286 [HikariPool-1 housekeeper] WARN  com.zaxxer.hikari.pool.HikariPool - HikariPool-1 - Thread starvation or clock leap detected (housekeeper delta=2h27s690ms). 
11:53:35.638 [HikariPool-1 housekeeper] WARN  com.zaxxer.hikari.pool.HikariPool - HikariPool-1 - Thread starvation or clock leap detected (housekeeper delta=1h4m55s352ms). 
12:11:29.134 [HikariPool-1 housekeeper] WARN  com.zaxxer.hikari.pool.HikariPool - HikariPool-1 - Thread starvation or clock leap detected (housekeeper delta=53s361ms). 
12:16:20.229 [HikariPool-1 housekeeper] WARN  com.zaxxer.hikari.pool.HikariPool - HikariPool-1 - Thread starvation or clock leap detected (housekeeper delta=1m21s64ms). 
16:34:49.190 [HikariPool-1 housekeeper] WARN  com.zaxxer.hikari.pool.HikariPool - HikariPool-1 - Thread starvation or clock leap detected (housekeeper delta=2h27s868ms). 
19:34:52.505 [HikariPool-1 housekeeper] WARN  com.zaxxer.hikari.pool.HikariPool - HikariPool-1 - Thread starvation or clock leap detected (housekeeper delta=3h3s294ms). 
21:09:39.381 [HikariPool-1 housekeeper] WARN  com.zaxxer.hikari.pool.HikariPool - HikariPool-1 - Thread starvation or clock leap detected (housekeeper delta=1h34m46s896ms). 
21:09:47.006 [http-nio-8080-exec-3] WARN  com.zaxxer.hikari.pool.PoolBase - HikariPool-1 - Failed to validate connection com.mysql.jdbc.JDBC4Connection@645e63f6 (No operations allowed after connection closed.). Possibly consider using a shorter maxLifetime value. 
21:09:47.016 [http-nio-8080-exec-3] WARN  com.zaxxer.hikari.pool.PoolBase - HikariPool-1 - Failed to validate connection com.mysql.jdbc.JDBC4Connection@7ba6d1e5 (No operations allowed after connection closed.). Possibly consider using a shorter maxLifetime value. 
21:09:47.023 [http-nio-8080-exec-3] WARN  com.zaxxer.hikari.pool.PoolBase - HikariPool-1 - Failed to validate connection com.mysql.jdbc.JDBC4Connection@2c60309f (No operations allowed after connection closed.). Possibly consider using a shorter maxLifetime value. 
21:09:47.029 [http-nio-8080-exec-3] WARN  com.zaxxer.hikari.pool.PoolBase - HikariPool-1 - Failed to validate connection com.mysql.jdbc.JDBC4Connection@3bb6a736 (No operations allowed after connection closed.). Possibly consider using a shorter maxLifetime value. 
21:09:47.035 [http-nio-8080-exec-3] WARN  com.zaxxer.hikari.pool.PoolBase - HikariPool-1 - Failed to validate connection com.mysql.jdbc.JDBC4Connection@10ba3f7e (No operations allowed after connection closed.). Possibly consider using a shorter maxLifetime value. 
21:09:47.040 [http-nio-8080-exec-3] WARN  com.zaxxer.hikari.pool.PoolBase - HikariPool-1 - Failed to validate connection com.mysql.jdbc.JDBC4Connection@5ddeed75 (No operations allowed after connection closed.). Possibly consider using a shorter maxLifetime value. 
21:09:47.046 [http-nio-8080-exec-3] WARN  com.zaxxer.hikari.pool.PoolBase - HikariPool-1 - Failed to validate connection com.mysql.jdbc.JDBC4Connection@7017ca99 (No operations allowed after connection closed.). Possibly consider using a shorter maxLifetime value. 
21:09:47.052 [http-nio-8080-exec-3] WARN  com.zaxxer.hikari.pool.PoolBase - HikariPool-1 - Failed to validate connection com.mysql.jdbc.JDBC4Connection@7e965cba (No operations allowed after connection closed.). Possibly consider using a shorter maxLifetime value. 
21:09:47.057 [http-nio-8080-exec-3] WARN  com.zaxxer.hikari.pool.PoolBase - HikariPool-1 - Failed to validate connection com.mysql.jdbc.JDBC4Connection@3f16ddd9 (No operations allowed after connection closed.). Possibly consider using a shorter maxLifetime value. 
21:09:47.062 [http-nio-8080-exec-3] WARN  com.zaxxer.hikari.pool.PoolBase - HikariPool-1 - Failed to validate connection com.mysql.jdbc.JDBC4Connection@15093a0b (No operations allowed after connection closed.). Possibly consider using a shorter maxLifetime value. 
21:30:57.451 [http-nio-8080-exec-8] WARN  com.zaxxer.hikari.pool.PoolBase - HikariPool-1 - Failed to validate connection com.mysql.jdbc.JDBC4Connection@2f3df1f1 (No operations allowed after connection closed.). Possibly consider using a shorter maxLifetime value. 
21:30:57.457 [http-nio-8080-exec-8] WARN  com.zaxxer.hikari.pool.PoolBase - HikariPool-1 - Failed to validate connection com.mysql.jdbc.JDBC4Connection@5e0fe08c (No operations allowed after connection closed.). Possibly consider using a shorter maxLifetime value. 
21:30:57.463 [http-nio-8080-exec-8] WARN  com.zaxxer.hikari.pool.PoolBase - HikariPool-1 - Failed to validate connection com.mysql.jdbc.JDBC4Connection@7b1f21e6 (No operations allowed after connection closed.). Possibly consider using a shorter maxLifetime value. 
21:30:57.469 [http-nio-8080-exec-8] WARN  com.zaxxer.hikari.pool.PoolBase - HikariPool-1 - Failed to validate connection com.mysql.jdbc.JDBC4Connection@3b6de50d (No operations allowed after connection closed.). Possibly consider using a shorter maxLifetime value. 
21:41:35.952 [http-nio-8080-exec-5] WARN  com.zaxxer.hikari.pool.PoolBase - HikariPool-1 - Failed to validate connection com.mysql.jdbc.JDBC4Connection@7161fb70 (No operations allowed after connection closed.). Possibly consider using a shorter maxLifetime value. 
22:06:21.701 [Thread-8] INFO  o.s.s.c.ThreadPoolTaskExecutor - Shutting down ExecutorService 'applicationTaskExecutor' 
22:06:21.703 [Thread-8] INFO  com.zaxxer.hikari.HikariDataSource - HikariPool-1 - Shutdown initiated... 
22:06:21.707 [Thread-8] INFO  com.zaxxer.hikari.HikariDataSource - HikariPool-1 - Shutdown completed. 
