14:17:48.274 [main] INFO  com.cool.demo.Boot - Starting Boot on lvwenchaodeMacBook-Pro.local with PID 1283 (/Users/lvwenchao/IdeaProjects/cool-framework-demo/target/classes started by lvwenchao in /Users/lvwenchao/IdeaProjects/cool-framework-demo) 
14:17:48.297 [main] INFO  com.cool.demo.Boot - No active profile set, falling back to default profiles: default 
14:17:49.198 [main] INFO  com.zaxxer.hikari.HikariDataSource - HikariPool-1 - Starting... 
14:17:49.431 [main] INFO  com.zaxxer.hikari.HikariDataSource - HikariPool-1 - Start completed. 
14:17:50.110 [main] INFO  o.s.b.w.e.tomcat.TomcatWebServer - Tomcat initialized with port(s): 8080 (http) 
14:17:50.127 [main] INFO  o.a.catalina.core.StandardService - Starting service [Tomcat] 
14:17:50.127 [main] INFO  o.a.catalina.core.StandardEngine - Starting Servlet engine: [Apache Tomcat/9.0.16] 
14:17:50.132 [main] INFO  o.a.c.core.AprLifecycleListener - The APR based Apache Tomcat Native library which allows optimal performance in production environments was not found on the java.library.path: [/Users/lvwenchao/Library/Java/Extensions:/Library/Java/Extensions:/Network/Library/Java/Extensions:/System/Library/Java/Extensions:/usr/lib/java:.] 
14:17:50.188 [main] INFO  o.a.c.c.C.[Tomcat].[localhost].[/] - Initializing Spring embedded WebApplicationContext 
14:17:50.189 [main] INFO  o.s.web.context.ContextLoader - Root WebApplicationContext: initialization completed in 1770 ms 
14:17:50.437 [main] INFO  o.s.s.c.ThreadPoolTaskExecutor - Initializing ExecutorService 'applicationTaskExecutor' 
14:17:50.639 [main] INFO  o.s.b.w.e.tomcat.TomcatWebServer - Tomcat started on port(s): 8080 (http) with context path '' 
14:17:50.641 [main] INFO  com.cool.demo.Boot - Started Boot in 2.893 seconds (JVM running for 3.826) 
14:21:42.947 [Thread-8] INFO  o.s.s.c.ThreadPoolTaskExecutor - Shutting down ExecutorService 'applicationTaskExecutor' 
14:21:42.949 [Thread-8] INFO  com.zaxxer.hikari.HikariDataSource - HikariPool-1 - Shutdown initiated... 
14:21:42.955 [Thread-8] INFO  com.zaxxer.hikari.HikariDataSource - HikariPool-1 - Shutdown completed. 
14:21:45.736 [main] INFO  com.cool.demo.Boot - Starting Boot on lvwenchaodeMacBook-Pro.local with PID 1369 (/Users/lvwenchao/IdeaProjects/cool-framework-demo/target/classes started by lvwenchao in /Users/lvwenchao/IdeaProjects/cool-framework-demo) 
14:21:45.738 [main] INFO  com.cool.demo.Boot - No active profile set, falling back to default profiles: default 
14:21:46.896 [main] INFO  com.zaxxer.hikari.HikariDataSource - HikariPool-1 - Starting... 
14:21:47.160 [main] INFO  com.zaxxer.hikari.HikariDataSource - HikariPool-1 - Start completed. 
14:21:47.790 [main] INFO  o.s.b.w.e.tomcat.TomcatWebServer - Tomcat initialized with port(s): 8080 (http) 
14:21:47.807 [main] INFO  o.a.catalina.core.StandardService - Starting service [Tomcat] 
14:21:47.807 [main] INFO  o.a.catalina.core.StandardEngine - Starting Servlet engine: [Apache Tomcat/9.0.16] 
14:21:47.812 [main] INFO  o.a.c.core.AprLifecycleListener - The APR based Apache Tomcat Native library which allows optimal performance in production environments was not found on the java.library.path: [/Users/lvwenchao/Library/Java/Extensions:/Library/Java/Extensions:/Network/Library/Java/Extensions:/System/Library/Java/Extensions:/usr/lib/java:.] 
14:21:47.874 [main] INFO  o.a.c.c.C.[Tomcat].[localhost].[/] - Initializing Spring embedded WebApplicationContext 
14:21:47.874 [main] INFO  o.s.web.context.ContextLoader - Root WebApplicationContext: initialization completed in 2096 ms 
14:21:48.151 [main] INFO  o.s.s.c.ThreadPoolTaskExecutor - Initializing ExecutorService 'applicationTaskExecutor' 
14:21:48.347 [main] INFO  o.s.b.w.e.tomcat.TomcatWebServer - Tomcat started on port(s): 8080 (http) with context path '' 
14:21:48.349 [main] INFO  com.cool.demo.Boot - Started Boot in 3.097 seconds (JVM running for 3.685) 
14:22:28.744 [http-nio-8080-exec-1] INFO  o.a.c.c.C.[Tomcat].[localhost].[/] - Initializing Spring DispatcherServlet 'dispatcherServlet' 
14:22:28.744 [http-nio-8080-exec-1] INFO  o.s.web.servlet.DispatcherServlet - Initializing Servlet 'dispatcherServlet' 
14:22:28.750 [http-nio-8080-exec-1] INFO  o.s.web.servlet.DispatcherServlet - Completed initialization in 6 ms 
14:26:12.127 [HikariPool-1 housekeeper] WARN  com.zaxxer.hikari.pool.HikariPool - HikariPool-1 - Thread starvation or clock leap detected (housekeeper delta=2m16s339ms). 
14:31:37.098 [http-nio-8080-exec-10] WARN  o.s.w.s.m.s.DefaultHandlerExceptionResolver - Resolved [org.springframework.web.bind.MissingServletRequestParameterException: Required String parameter 'id' is not present] 
15:00:29.798 [HikariPool-1 housekeeper] WARN  com.zaxxer.hikari.pool.HikariPool - HikariPool-1 - Thread starvation or clock leap detected (housekeeper delta=25m17s615ms). 
18:20:51.189 [HikariPool-1 housekeeper] WARN  com.zaxxer.hikari.pool.HikariPool - HikariPool-1 - Thread starvation or clock leap detected (housekeeper delta=3h9m51s297ms). 
